2020-10-13 17:34:09.761  INFO 9008 --- [restartedMain] com.wang.blog.BlogApplication            : Starting BlogApplication on wangsiyuan with PID 9008 (C:\Users\wangsiyuan\Desktop\Java\blog\target\classes started by wangsiyuan in C:\Users\wangsiyuan\Desktop\Java\blog)
2020-10-13 17:34:09.776  INFO 9008 --- [restartedMain] com.wang.blog.BlogApplication            : The following profiles are active: pro
2020-10-13 17:34:14.905  INFO 9008 --- [restartedMain] com.wang.blog.BlogApplication            : Started BlogApplication in 6.118 seconds (JVM running for 10.014)
2020-10-13 17:34:38.000  INFO 9008 --- [http-nio-8080-exec-2] com.wang.blog.aspect.LogAspect           : Request : {}RequestLog{url='http://localhost:8080/index/1', ip='0:0:0:0:0:0:0:1', classMethod='com.wang.blog.Controller.IndexController.index', args=[{blog=Blog{id=1, title='null', content='null', firstPicture='null', flag='null', views=null, description='null', appreciation=false, shareStatement=false, commentabled=false, published=false, recommend=false, createTime=null, updateTime=null, type_id=null, User_id=null, Tag_id=null, type=null, tagList=[], user=null, commentList=[]}, org.springframework.validation.BindingResult.blog=org.springframework.validation.BeanPropertyBindingResult: 0 errors}, Blog{id=1, title='null', content='null', firstPicture='null', flag='null', views=null, description='null', appreciation=false, shareStatement=false, commentabled=false, published=false, recommend=false, createTime=null, updateTime=null, type_id=null, User_id=null, Tag_id=null, type=null, tagList=[], user=null, commentList=[]}, 1]}
2020-10-13 17:34:40.972  INFO 9008 --- [http-nio-8080-exec-2] com.wang.blog.aspect.LogAspect           : Result : {}index
2020-10-13 17:34:47.793  INFO 9008 --- [http-nio-8080-exec-2] com.wang.blog.aspect.LogAspect           : Request : {}RequestLog{url='http://localhost:8080/type/-1/1', ip='0:0:0:0:0:0:0:1', classMethod='com.wang.blog.Controller.TypeShowController.type', args=[{}, 1, -1]}
2020-10-13 17:34:47.825  INFO 9008 --- [http-nio-8080-exec-2] com.wang.blog.aspect.LogAspect           : Result : {}types
2020-10-13 17:34:49.101  INFO 9008 --- [http-nio-8080-exec-1] com.wang.blog.aspect.LogAspect           : Request : {}RequestLog{url='http://localhost:8080/tag/-1/1', ip='0:0:0:0:0:0:0:1', classMethod='com.wang.blog.Controller.TagShowController.tag', args=[{}, -1, 1]}
2020-10-13 17:34:49.138  INFO 9008 --- [http-nio-8080-exec-1] com.wang.blog.aspect.LogAspect           : Result : {}tags
2020-10-13 17:34:50.295  INFO 9008 --- [http-nio-8080-exec-10] com.wang.blog.aspect.LogAspect           : Request : {}RequestLog{url='http://localhost:8080/tag/2/1', ip='0:0:0:0:0:0:0:1', classMethod='com.wang.blog.Controller.TagShowController.tag', args=[{}, 2, 1]}
2020-10-13 17:34:50.316  INFO 9008 --- [http-nio-8080-exec-10] com.wang.blog.aspect.LogAspect           : Result : {}tags
2020-10-13 17:34:51.019  INFO 9008 --- [http-nio-8080-exec-5] com.wang.blog.aspect.LogAspect           : Request : {}RequestLog{url='http://localhost:8080/tag/3/1', ip='0:0:0:0:0:0:0:1', classMethod='com.wang.blog.Controller.TagShowController.tag', args=[{}, 3, 1]}
2020-10-13 17:34:51.031  INFO 9008 --- [http-nio-8080-exec-5] com.wang.blog.aspect.LogAspect           : Result : {}tags
2020-10-13 17:34:52.290  INFO 9008 --- [http-nio-8080-exec-4] com.wang.blog.aspect.LogAspect           : Request : {}RequestLog{url='http://localhost:8080/archive', ip='0:0:0:0:0:0:0:1', classMethod='com.wang.blog.Controller.ArchiveShowController.archive', args=[{}]}
2020-10-13 17:34:52.310  INFO 9008 --- [http-nio-8080-exec-4] com.wang.blog.aspect.LogAspect           : Result : {}archives
2020-10-13 17:34:56.277  INFO 9008 --- [http-nio-8080-exec-3] com.wang.blog.aspect.LogAspect           : Request : {}RequestLog{url='http://localhost:8080/search/1', ip='0:0:0:0:0:0:0:1', classMethod='com.wang.blog.Controller.IndexController.Search', args=[{}, 1, 1]}
2020-10-13 17:34:56.286  INFO 9008 --- [http-nio-8080-exec-3] com.wang.blog.aspect.LogAspect           : Result : {}search
2020-10-13 17:34:58.914  INFO 9008 --- [http-nio-8080-exec-2] com.wang.blog.aspect.LogAspect           : Request : {}RequestLog{url='http://localhost:8080/index/1', ip='0:0:0:0:0:0:0:1', classMethod='com.wang.blog.Controller.IndexController.index', args=[{blog=Blog{id=1, title='null', content='null', firstPicture='null', flag='null', views=null, description='null', appreciation=false, shareStatement=false, commentabled=false, published=false, recommend=false, createTime=null, updateTime=null, type_id=null, User_id=null, Tag_id=null, type=null, tagList=[], user=null, commentList=[]}, org.springframework.validation.BindingResult.blog=org.springframework.validation.BeanPropertyBindingResult: 0 errors}, Blog{id=1, title='null', content='null', firstPicture='null', flag='null', views=null, description='null', appreciation=false, shareStatement=false, commentabled=false, published=false, recommend=false, createTime=null, updateTime=null, type_id=null, User_id=null, Tag_id=null, type=null, tagList=[], user=null, commentList=[]}, 1]}
2020-10-13 17:34:58.927  INFO 9008 --- [http-nio-8080-exec-2] com.wang.blog.aspect.LogAspect           : Result : {}index
2020-10-13 17:36:33.754  INFO 9008 --- [http-nio-8080-exec-3] com.wang.blog.aspect.LogAspect           : Request : {}RequestLog{url='http://localhost:8080/index/1', ip='0:0:0:0:0:0:0:1', classMethod='com.wang.blog.Controller.IndexController.index', args=[{blog=Blog{id=1, title='null', content='null', firstPicture='null', flag='null', views=null, description='null', appreciation=false, shareStatement=false, commentabled=false, published=false, recommend=false, createTime=null, updateTime=null, type_id=null, User_id=null, Tag_id=null, type=null, tagList=[], user=null, commentList=[]}, org.springframework.validation.BindingResult.blog=org.springframework.validation.BeanPropertyBindingResult: 0 errors}, Blog{id=1, title='null', content='null', firstPicture='null', flag='null', views=null, description='null', appreciation=false, shareStatement=false, commentabled=false, published=false, recommend=false, createTime=null, updateTime=null, type_id=null, User_id=null, Tag_id=null, type=null, tagList=[], user=null, commentList=[]}, 1]}
2020-10-13 17:36:33.766  INFO 9008 --- [http-nio-8080-exec-3] com.wang.blog.aspect.LogAspect           : Result : {}index
2020-10-13 17:36:53.747  INFO 9008 --- [http-nio-8080-exec-3] com.wang.blog.aspect.LogAspect           : Request : {}RequestLog{url='http://localhost:8080/type/-1/1', ip='0:0:0:0:0:0:0:1', classMethod='com.wang.blog.Controller.TypeShowController.type', args=[{}, 1, -1]}
2020-10-13 17:36:53.756  INFO 9008 --- [http-nio-8080-exec-3] com.wang.blog.aspect.LogAspect           : Result : {}types
2020-10-13 17:38:15.070  INFO 9008 --- [http-nio-8080-exec-9] com.wang.blog.aspect.LogAspect           : Request : {}RequestLog{url='http://localhost:8080/type/-1/1', ip='0:0:0:0:0:0:0:1', classMethod='com.wang.blog.Controller.TypeShowController.type', args=[{}, 1, -1]}
2020-10-13 17:38:15.080  INFO 9008 --- [http-nio-8080-exec-9] com.wang.blog.aspect.LogAspect           : Result : {}types
2020-10-13 17:38:18.032  INFO 9008 --- [http-nio-8080-exec-9] com.wang.blog.aspect.LogAspect           : Request : {}RequestLog{url='http://localhost:8080/tag/-1/1', ip='0:0:0:0:0:0:0:1', classMethod='com.wang.blog.Controller.TagShowController.tag', args=[{}, -1, 1]}
2020-10-13 17:38:18.045  INFO 9008 --- [http-nio-8080-exec-9] com.wang.blog.aspect.LogAspect           : Result : {}tags
2020-10-13 17:38:31.422  INFO 9008 --- [http-nio-8080-exec-9] com.wang.blog.aspect.LogAspect           : Request : {}RequestLog{url='http://localhost:8080/type/-1/1', ip='0:0:0:0:0:0:0:1', classMethod='com.wang.blog.Controller.TypeShowController.type', args=[{}, 1, -1]}
2020-10-13 17:38:31.430  INFO 9008 --- [http-nio-8080-exec-9] com.wang.blog.aspect.LogAspect           : Result : {}types
2020-10-13 17:38:32.330  INFO 9008 --- [http-nio-8080-exec-10] com.wang.blog.aspect.LogAspect           : Request : {}RequestLog{url='http://localhost:8080/tag/-1/1', ip='0:0:0:0:0:0:0:1', classMethod='com.wang.blog.Controller.TagShowController.tag', args=[{}, -1, 1]}
2020-10-13 17:38:32.341  INFO 9008 --- [http-nio-8080-exec-10] com.wang.blog.aspect.LogAspect           : Result : {}tags
2020-10-13 17:45:43.263  INFO 9008 --- [http-nio-8080-exec-7] com.wang.blog.aspect.LogAspect           : Request : {}RequestLog{url='http://localhost:8080/index/1', ip='0:0:0:0:0:0:0:1', classMethod='com.wang.blog.Controller.IndexController.index', args=[{blog=Blog{id=1, title='null', content='null', firstPicture='null', flag='null', views=null, description='null', appreciation=false, shareStatement=false, commentabled=false, published=false, recommend=false, createTime=null, updateTime=null, type_id=null, User_id=null, Tag_id=null, type=null, tagList=[], user=null, commentList=[]}, org.springframework.validation.BindingResult.blog=org.springframework.validation.BeanPropertyBindingResult: 0 errors}, Blog{id=1, title='null', content='null', firstPicture='null', flag='null', views=null, description='null', appreciation=false, shareStatement=false, commentabled=false, published=false, recommend=false, createTime=null, updateTime=null, type_id=null, User_id=null, Tag_id=null, type=null, tagList=[], user=null, commentList=[]}, 1]}
2020-10-13 17:45:43.277  INFO 9008 --- [http-nio-8080-exec-7] com.wang.blog.aspect.LogAspect           : Result : {}index
2020-10-13 17:58:00.778  INFO 18596 --- [restartedMain] com.wang.blog.BlogApplication            : Starting BlogApplication on wangsiyuan with PID 18596 (C:\Users\wangsiyuan\Desktop\Java\blog\target\classes started by wangsiyuan in C:\Users\wangsiyuan\Desktop\Java\blog)
2020-10-13 17:58:00.788  INFO 18596 --- [restartedMain] com.wang.blog.BlogApplication            : The following profiles are active: pro
2020-10-13 17:58:05.586  INFO 18596 --- [restartedMain] com.wang.blog.BlogApplication            : Started BlogApplication in 5.981 seconds (JVM running for 9.618)
2020-10-13 17:59:24.534  INFO 848 --- [restartedMain] com.wang.blog.BlogApplication            : Starting BlogApplication on wangsiyuan with PID 848 (C:\Users\wangsiyuan\Desktop\Java\blog\target\classes started by wangsiyuan in C:\Users\wangsiyuan\Desktop\Java\blog)
2020-10-13 17:59:24.539  INFO 848 --- [restartedMain] com.wang.blog.BlogApplication            : The following profiles are active: pro
2020-10-13 17:59:28.819  INFO 848 --- [restartedMain] com.wang.blog.BlogApplication            : Started BlogApplication in 5.293 seconds (JVM running for 8.634)
2020-10-13 18:02:10.511  INFO 848 --- [restartedMain] com.wang.blog.BlogApplication            : Starting BlogApplication on wangsiyuan with PID 848 (C:\Users\wangsiyuan\Desktop\Java\blog\target\classes started by wangsiyuan in C:\Users\wangsiyuan\Desktop\Java\blog)
2020-10-13 18:02:10.511  INFO 848 --- [restartedMain] com.wang.blog.BlogApplication            : The following profiles are active: pro
2020-10-13 18:02:12.111  INFO 848 --- [restartedMain] com.wang.blog.BlogApplication            : Started BlogApplication in 1.667 seconds (JVM running for 171.926)
2020-10-13 18:03:39.898  INFO 8944 --- [restartedMain] com.wang.blog.BlogApplication            : Starting BlogApplication on wangsiyuan with PID 8944 (C:\Users\wangsiyuan\Desktop\Java\blog\target\classes started by wangsiyuan in C:\Users\wangsiyuan\Desktop\Java\blog)
2020-10-13 18:03:39.901  INFO 8944 --- [restartedMain] com.wang.blog.BlogApplication            : The following profiles are active: pro
2020-10-13 18:03:44.209  INFO 8944 --- [restartedMain] com.wang.blog.BlogApplication            : Started BlogApplication in 5.156 seconds (JVM running for 8.947)
2020-10-13 18:04:47.740  INFO 8944 --- [http-nio-8080-exec-7] com.wang.blog.aspect.LogAspect           : Request : {}RequestLog{url='http://localhost:8080/index/1', ip='0:0:0:0:0:0:0:1', classMethod='com.wang.blog.Controller.IndexController.index', args=[{blog=Blog{id=1, title='null', content='null', firstPicture='null', flag='null', views=null, description='null', appreciation=false, shareStatement=false, commentabled=false, published=false, recommend=false, createTime=null, updateTime=null, type_id=null, User_id=null, Tag_id=null, type=null, tagList=[], user=null, commentList=[]}, org.springframework.validation.BindingResult.blog=org.springframework.validation.BeanPropertyBindingResult: 0 errors}, Blog{id=1, title='null', content='null', firstPicture='null', flag='null', views=null, description='null', appreciation=false, shareStatement=false, commentabled=false, published=false, recommend=false, createTime=null, updateTime=null, type_id=null, User_id=null, Tag_id=null, type=null, tagList=[], user=null, commentList=[]}, 1]}
2020-10-13 18:04:47.810  INFO 8944 --- [http-nio-8080-exec-7] com.wang.blog.aspect.LogAspect           : Result : {}index
2020-10-13 18:04:49.121  INFO 8944 --- [http-nio-8080-exec-7] com.wang.blog.aspect.LogAspect           : Request : {}RequestLog{url='http://localhost:8080/blog/25', ip='0:0:0:0:0:0:0:1', classMethod='com.wang.blog.Controller.IndexController.blog', args=[{}, 25]}
2020-10-13 18:04:49.193  INFO 8944 --- [http-nio-8080-exec-7] com.wang.blog.aspect.LogAspect           : Result : {}blog
2020-10-13 18:04:49.555  INFO 8944 --- [http-nio-8080-exec-8] com.wang.blog.aspect.LogAspect           : Request : {}RequestLog{url='http://localhost:8080/comment/25', ip='0:0:0:0:0:0:0:1', classMethod='com.wang.blog.Controller.CommentController.CommentList', args=[25, {}]}
2020-10-13 18:04:49.571  INFO 8944 --- [http-nio-8080-exec-8] com.wang.blog.aspect.LogAspect           : Result : {}blog::commentList
